E, [2021-08-29T09:45:29.059398 #14742] ERROR -- Kitchen: ------Exception-------
E, [2021-08-29T09:45:29.059459 #14742] ERROR -- Kitchen: Class: Kitchen::UserError
E, [2021-08-29T09:45:29.059472 #14742] ERROR -- Kitchen: Message: Kitchen YAML file /home/jarotball/study/Chef-Principle-Analyst-Exam-Prep/2_Learn the Chef Infra Language/learnchef-repo/kitchen.yml does not exist.
E, [2021-08-29T09:45:29.059479 #14742] ERROR -- Kitchen: ----------------------
E, [2021-08-29T09:45:29.059485 #14742] ERROR -- Kitchen: ------Backtrace-------
E, [2021-08-29T09:45:29.059490 #14742] ERROR -- Kitchen: /opt/chef-workstation/embedded/lib/ruby/gems/3.0.0/gems/test-kitchen-3.0.0/lib/kitchen/loader/yaml.rb:65:in `read'
E, [2021-08-29T09:45:29.059496 #14742] ERROR -- Kitchen: /opt/chef-workstation/embedded/lib/ruby/gems/3.0.0/gems/test-kitchen-3.0.0/lib/kitchen/config.rb:153:in `data'
E, [2021-08-29T09:45:29.059501 #14742] ERROR -- Kitchen: /opt/chef-workstation/embedded/lib/ruby/gems/3.0.0/gems/test-kitchen-3.0.0/lib/kitchen/config.rb:131:in `suites'
E, [2021-08-29T09:45:29.059506 #14742] ERROR -- Kitchen: /opt/chef-workstation/embedded/lib/ruby/gems/3.0.0/gems/test-kitchen-3.0.0/lib/kitchen/config.rb:183:in `filter_instances'
E, [2021-08-29T09:45:29.059512 #14742] ERROR -- Kitchen: /opt/chef-workstation/embedded/lib/ruby/gems/3.0.0/gems/test-kitchen-3.0.0/lib/kitchen/config.rb:142:in `build_instances'
E, [2021-08-29T09:45:29.059517 #14742] ERROR -- Kitchen: /opt/chef-workstation/embedded/lib/ruby/gems/3.0.0/gems/test-kitchen-3.0.0/lib/kitchen/config.rb:116:in `instances'
E, [2021-08-29T09:45:29.059523 #14742] ERROR -- Kitchen: /opt/chef-workstation/embedded/lib/ruby/gems/3.0.0/gems/test-kitchen-3.0.0/lib/kitchen/command.rb:109:in `filtered_instances'
E, [2021-08-29T09:45:29.059528 #14742] ERROR -- Kitchen: /opt/chef-workstation/embedded/lib/ruby/gems/3.0.0/gems/test-kitchen-3.0.0/lib/kitchen/command.rb:139:in `parse_subcommand'
E, [2021-08-29T09:45:29.059534 #14742] ERROR -- Kitchen: /opt/chef-workstation/embedded/lib/ruby/gems/3.0.0/gems/test-kitchen-3.0.0/lib/kitchen/command/list.rb:29:in `call'
E, [2021-08-29T09:45:29.059539 #14742] ERROR -- Kitchen: /opt/chef-workstation/embedded/lib/ruby/gems/3.0.0/gems/test-kitchen-3.0.0/lib/kitchen/cli.rb:52:in `perform'
E, [2021-08-29T09:45:29.059545 #14742] ERROR -- Kitchen: /opt/chef-workstation/embedded/lib/ruby/gems/3.0.0/gems/test-kitchen-3.0.0/lib/kitchen/cli.rb:120:in `list'
E, [2021-08-29T09:45:29.059550 #14742] ERROR -- Kitchen: /opt/chef-workstation/embedded/lib/ruby/gems/3.0.0/gems/thor-1.1.0/lib/thor/command.rb:27:in `run'
E, [2021-08-29T09:45:29.059556 #14742] ERROR -- Kitchen: /opt/chef-workstation/embedded/lib/ruby/gems/3.0.0/gems/thor-1.1.0/lib/thor/invocation.rb:127:in `invoke_command'
E, [2021-08-29T09:45:29.059561 #14742] ERROR -- Kitchen: /opt/chef-workstation/embedded/lib/ruby/gems/3.0.0/gems/thor-1.1.0/lib/thor.rb:392:in `dispatch'
E, [2021-08-29T09:45:29.059566 #14742] ERROR -- Kitchen: /opt/chef-workstation/embedded/lib/ruby/gems/3.0.0/gems/thor-1.1.0/lib/thor/base.rb:485:in `start'
E, [2021-08-29T09:45:29.059572 #14742] ERROR -- Kitchen: /opt/chef-workstation/embedded/lib/ruby/gems/3.0.0/gems/test-kitchen-3.0.0/bin/kitchen:11:in `block in <top (required)>'
E, [2021-08-29T09:45:29.059577 #14742] ERROR -- Kitchen: /opt/chef-workstation/embedded/lib/ruby/gems/3.0.0/gems/test-kitchen-3.0.0/lib/kitchen/errors.rb:170:in `with_friendly_errors'
E, [2021-08-29T09:45:29.059583 #14742] ERROR -- Kitchen: /opt/chef-workstation/embedded/lib/ruby/gems/3.0.0/gems/test-kitchen-3.0.0/bin/kitchen:11:in `<top (required)>'
E, [2021-08-29T09:45:29.059588 #14742] ERROR -- Kitchen: /usr/bin/kitchen:351:in `load'
E, [2021-08-29T09:45:29.059593 #14742] ERROR -- Kitchen: /usr/bin/kitchen:351:in `<main>'
E, [2021-08-29T09:45:29.059599 #14742] ERROR -- Kitchen: ----End Backtrace-----
