E, [2021-08-26T16:16:55.375199 #5281] ERROR -- Kitchen: ------Exception-------
E, [2021-08-26T16:16:55.375315 #5281] ERROR -- Kitchen: Class: Kitchen::UserError
E, [2021-08-26T16:16:55.375325 #5281] ERROR -- Kitchen: Message: Kitchen YAML file /home/jarotball/study/Chef-Principle-Analyst-Exam-Prep/2_Learn the Chef Infra Language/learn-chef-infra/kitchen.yml does not exist.
E, [2021-08-26T16:16:55.375332 #5281] ERROR -- Kitchen: ----------------------
E, [2021-08-26T16:16:55.375338 #5281] ERROR -- Kitchen: ------Backtrace-------
E, [2021-08-26T16:16:55.375343 #5281] ERROR -- Kitchen: /opt/chef-workstation/embedded/lib/ruby/gems/3.0.0/gems/test-kitchen-3.0.0/lib/kitchen/loader/yaml.rb:65:in `read'
E, [2021-08-26T16:16:55.375349 #5281] ERROR -- Kitchen: /opt/chef-workstation/embedded/lib/ruby/gems/3.0.0/gems/test-kitchen-3.0.0/lib/kitchen/config.rb:153:in `data'
E, [2021-08-26T16:16:55.375355 #5281] ERROR -- Kitchen: /opt/chef-workstation/embedded/lib/ruby/gems/3.0.0/gems/test-kitchen-3.0.0/lib/kitchen/config.rb:131:in `suites'
E, [2021-08-26T16:16:55.375360 #5281] ERROR -- Kitchen: /opt/chef-workstation/embedded/lib/ruby/gems/3.0.0/gems/test-kitchen-3.0.0/lib/kitchen/config.rb:183:in `filter_instances'
E, [2021-08-26T16:16:55.375366 #5281] ERROR -- Kitchen: /opt/chef-workstation/embedded/lib/ruby/gems/3.0.0/gems/test-kitchen-3.0.0/lib/kitchen/config.rb:142:in `build_instances'
E, [2021-08-26T16:16:55.375371 #5281] ERROR -- Kitchen: /opt/chef-workstation/embedded/lib/ruby/gems/3.0.0/gems/test-kitchen-3.0.0/lib/kitchen/config.rb:116:in `instances'
E, [2021-08-26T16:16:55.375377 #5281] ERROR -- Kitchen: /opt/chef-workstation/embedded/lib/ruby/gems/3.0.0/gems/test-kitchen-3.0.0/lib/kitchen/command.rb:109:in `filtered_instances'
E, [2021-08-26T16:16:55.375385 #5281] ERROR -- Kitchen: /opt/chef-workstation/embedded/lib/ruby/gems/3.0.0/gems/test-kitchen-3.0.0/lib/kitchen/command.rb:139:in `parse_subcommand'
E, [2021-08-26T16:16:55.375391 #5281] ERROR -- Kitchen: /opt/chef-workstation/embedded/lib/ruby/gems/3.0.0/gems/test-kitchen-3.0.0/lib/kitchen/command/list.rb:29:in `call'
E, [2021-08-26T16:16:55.375396 #5281] ERROR -- Kitchen: /opt/chef-workstation/embedded/lib/ruby/gems/3.0.0/gems/test-kitchen-3.0.0/lib/kitchen/cli.rb:52:in `perform'
E, [2021-08-26T16:16:55.375402 #5281] ERROR -- Kitchen: /opt/chef-workstation/embedded/lib/ruby/gems/3.0.0/gems/test-kitchen-3.0.0/lib/kitchen/cli.rb:120:in `list'
E, [2021-08-26T16:16:55.375408 #5281] ERROR -- Kitchen: /opt/chef-workstation/embedded/lib/ruby/gems/3.0.0/gems/thor-1.1.0/lib/thor/command.rb:27:in `run'
E, [2021-08-26T16:16:55.375413 #5281] ERROR -- Kitchen: /opt/chef-workstation/embedded/lib/ruby/gems/3.0.0/gems/thor-1.1.0/lib/thor/invocation.rb:127:in `invoke_command'
E, [2021-08-26T16:16:55.375418 #5281] ERROR -- Kitchen: /opt/chef-workstation/embedded/lib/ruby/gems/3.0.0/gems/thor-1.1.0/lib/thor.rb:392:in `dispatch'
E, [2021-08-26T16:16:55.375424 #5281] ERROR -- Kitchen: /opt/chef-workstation/embedded/lib/ruby/gems/3.0.0/gems/thor-1.1.0/lib/thor/base.rb:485:in `start'
E, [2021-08-26T16:16:55.375429 #5281] ERROR -- Kitchen: /opt/chef-workstation/embedded/lib/ruby/gems/3.0.0/gems/test-kitchen-3.0.0/bin/kitchen:11:in `block in <top (required)>'
E, [2021-08-26T16:16:55.375435 #5281] ERROR -- Kitchen: /opt/chef-workstation/embedded/lib/ruby/gems/3.0.0/gems/test-kitchen-3.0.0/lib/kitchen/errors.rb:170:in `with_friendly_errors'
E, [2021-08-26T16:16:55.375441 #5281] ERROR -- Kitchen: /opt/chef-workstation/embedded/lib/ruby/gems/3.0.0/gems/test-kitchen-3.0.0/bin/kitchen:11:in `<top (required)>'
E, [2021-08-26T16:16:55.375447 #5281] ERROR -- Kitchen: /usr/bin/kitchen:351:in `load'
E, [2021-08-26T16:16:55.375452 #5281] ERROR -- Kitchen: /usr/bin/kitchen:351:in `<main>'
E, [2021-08-26T16:16:55.375458 #5281] ERROR -- Kitchen: ----End Backtrace-----
